Using pre-set license
Built from '2020.2/release' branch; Version is '2020.2.2f1 (068178b99f32) revision 426360'; Using compiler version '192528614'; Build Type 'Release'
OS: 'Windows 10 Pro; OS build 19041.1052; Version 2004; 64bit' Language: 'en' Physical Memory: 32635 MB
BatchMode: 1, IsHumanControllingUs: 0, StartBugReporterOnCrash: 0, Is64bit: 1, IsPro: 0

 COMMAND LINE ARGUMENTS:
C:\Program Files\Unity\Hub\Editor\2020.2.2f1\Editor\Unity.exe
-adb2
-batchMode
-noUpm
-name
AssetImportWorker0
-projectPath
D:/CORE/TAFE Diploma/4_ComplexGameSys/As3_SpaceSim/SpaceSim3
-logFile
Logs/AssetImportWorker0.log
-srvPort
56126
Successfully changed project path to: D:/CORE/TAFE Diploma/4_ComplexGameSys/As3_SpaceSim/SpaceSim3
D:/CORE/TAFE Diploma/4_ComplexGameSys/As3_SpaceSim/SpaceSim3
Using Asset Import Pipeline V2.
Unable to join player connection multicast group.

Unable to join player connection alternative multicast group.

Refreshing native plugins compatible for Editor in 31.18 ms, found 0 plugins.
Preloading 0 native plugins for Editor in 0.00 ms.
Initialize engine version: 2020.2.2f1 (068178b99f32)
[Subsystems] Discovering subsystems at path C:/Program Files/Unity/Hub/Editor/2020.2.2f1/Editor/Data/Resources/UnitySubsystems
[Subsystems] Discovering subsystems at path D:/CORE/TAFE Diploma/4_ComplexGameSys/As3_SpaceSim/SpaceSim3/Assets
GfxDevice: creating device client; threaded=0
Direct3D:
    Version:  Direct3D 11.0 [level 11.1]
    Renderer: NVIDIA GeForce GTX 980M (ID=0x13d7)
    Vendor:   
    VRAM:     8144 MB
    Driver:   27.21.14.6172
Initialize mono
Mono path[0] = 'C:/Program Files/Unity/Hub/Editor/2020.2.2f1/Editor/Data/Managed'
Mono path[1] = 'C:/Program Files/Unity/Hub/Editor/2020.2.2f1/Editor/Data/MonoBleedingEdge/lib/mono/unityjit'
Mono config path = 'C:/Program Files/Unity/Hub/Editor/2020.2.2f1/Editor/Data/MonoBleedingEdge/etc'
Using monoOptions --debugger-agent=transport=dt_socket,embedding=1,server=y,suspend=n,address=127.0.0.1:56540
Begin MonoManager ReloadAssembly
Registering precompiled unity dll's ...
Register platform support module: C:/Program Files/Unity/Hub/Editor/2020.2.2f1/Editor/Data/PlaybackEngines/WebGLSupport/UnityEditor.WebGL.Extensions.dll
Register platform support module: C:/Program Files/Unity/Hub/Editor/2020.2.2f1/Editor/Data/PlaybackEngines/WindowsStandaloneSupport/UnityEditor.WindowsStandalone.Extensions.dll
Registered in 0.003907 seconds.
Native extension for WindowsStandalone target not found
Native extension for WebGL target not found
Refreshing native plugins compatible for Editor in 30.73 ms, found 0 plugins.
Preloading 0 native plugins for Editor in 0.00 ms.
Invoked RoslynAnalysisRunner static constructor.
RoslynAnalysisRunner will not be running.
RoslynAnalysisRunner has terminated.
Mono: successfully reloaded assembly
- Completed reload, in  3.121 seconds
Platform modules already initialized, skipping
Registering precompiled user dll's ...
Registered in 0.000679 seconds.
Begin MonoManager ReloadAssembly
Native extension for WindowsStandalone target not found
Native extension for WebGL target not found
Refreshing native plugins compatible for Editor in 0.25 ms, found 0 plugins.
Preloading 0 native plugins for Editor in 0.00 ms.
Invoked RoslynAnalysisRunner static constructor.
RoslynAnalysisRunner will not be running.
RoslynAnalysisRunner has terminated.
Mono: successfully reloaded assembly
- Completed reload, in  1.112 seconds
Platform modules already initialized, skipping
========================================================================
Worker process is ready to serve import requests
Launched and connected shader compiler UnityShaderCompiler.exe after 0.07 seconds
Refreshing native plugins compatible for Editor in 0.38 ms, found 0 plugins.
Preloading 0 native plugins for Editor in 0.00 ms.
Unloading 1128 Unused Serialized files (Serialized files now loaded: 0)
System memory in use before: 61.2 MB.
System memory in use after: 61.3 MB.

Unloading 9 unused Assets to reduce memory usage. Loaded Objects now: 1576.
Total: 2.144200 ms (FindLiveObjects: 0.257100 ms CreateObjectMapping: 0.075300 ms MarkObjects: 1.719800 ms  DeleteObjects: 0.090500 ms)

========================================================================
Received Import Request.
  path: Assets/WaterShader/WaterTest.unity
  artifactKey: Guid(4964da1e12916b24ca0995e30c8f6b1a) Importer(815301076,1909f56bfc062723c751e8b465ee728b)
Start importing Assets/WaterShader/WaterTest.unity using Guid(4964da1e12916b24ca0995e30c8f6b1a) Importer(815301076,1909f56bfc062723c751e8b465ee728b)  -> (artifact id: '8634abe248ce8de4fca60b36a280e31e') in 0.022114 seconds
  Import took 0.024394 seconds .

========================================================================
Received Import Request.
  Time since last request: 0.000305 seconds.
  path: Assets/WaterShader
  artifactKey: Guid(5704c9ae54c3bdc47a310771b5d2501c) Importer(815301076,1909f56bfc062723c751e8b465ee728b)
Start importing Assets/WaterShader using Guid(5704c9ae54c3bdc47a310771b5d2501c) Importer(815301076,1909f56bfc062723c751e8b465ee728b)  -> (artifact id: '0b5c3af17b5adb9c6f57e3c076f4b51a') in 0.009107 seconds
  Import took 0.012006 seconds .

========================================================================
Received Import Request.
  Time since last request: 8.335699 seconds.
  path: Assets/WaterShader/Shaders
  artifactKey: Guid(62be4f3225b740744a5abecb56ccccdf) Importer(815301076,1909f56bfc062723c751e8b465ee728b)
Start importing Assets/WaterShader/Shaders using Guid(62be4f3225b740744a5abecb56ccccdf) Importer(815301076,1909f56bfc062723c751e8b465ee728b)  -> (artifact id: '7b0db102a17c1e88dfd41193d6e57969') in 0.007661 seconds
  Import took 0.009919 seconds .

========================================================================
Received Import Request.
  Time since last request: 0.000723 seconds.
  path: Assets/WaterShader/Shaders
  artifactKey: Guid(62be4f3225b740744a5abecb56ccccdf) Importer(815301076,1909f56bfc062723c751e8b465ee728b)
Start importing Assets/WaterShader/Shaders using Guid(62be4f3225b740744a5abecb56ccccdf) Importer(815301076,1909f56bfc062723c751e8b465ee728b)  -> (artifact id: '7b0db102a17c1e88dfd41193d6e57969') in 0.002076 seconds
  Import took 0.004317 seconds .

========================================================================
Received Import Request.
  Time since last request: 1.139475 seconds.
  path: Assets/WaterShader/Shaders/Flow.cginc
  artifactKey: Guid(c8c4f36607a77964bb9d30f13c601e5f) Importer(815301076,1909f56bfc062723c751e8b465ee728b)
Start importing Assets/WaterShader/Shaders/Flow.cginc using Guid(c8c4f36607a77964bb9d30f13c601e5f) Importer(815301076,1909f56bfc062723c751e8b465ee728b)  -> (artifact id: '5b924d0d6b79c0bbd0864af4678e6ef1') in 0.050450 seconds
  Import took 0.061167 seconds .

========================================================================
Received Import Request.
  Time since last request: 0.711848 seconds.
  path: Assets/WaterShader/Shaders/LookingThroughWater.cginc
  artifactKey: Guid(390b65e7e5fe1b24396007a752400334) Importer(815301076,1909f56bfc062723c751e8b465ee728b)
Start importing Assets/WaterShader/Shaders/LookingThroughWater.cginc using Guid(390b65e7e5fe1b24396007a752400334) Importer(815301076,1909f56bfc062723c751e8b465ee728b)  -> (artifact id: '4ff15d850eaed2a67fb475d50e66bd13') in 0.008494 seconds
  Import took 0.010936 seconds .

========================================================================
Received Import Request.
  Time since last request: 0.000780 seconds.
  path: Assets/WaterShader/Shaders/LookingThroughWater.cginc
  artifactKey: Guid(390b65e7e5fe1b24396007a752400334) Importer(815301076,1909f56bfc062723c751e8b465ee728b)
Start importing Assets/WaterShader/Shaders/LookingThroughWater.cginc using Guid(390b65e7e5fe1b24396007a752400334) Importer(815301076,1909f56bfc062723c751e8b465ee728b)  -> (artifact id: '4ff15d850eaed2a67fb475d50e66bd13') in 0.002582 seconds
  Import took 0.004830 seconds .

========================================================================
Received Import Request.
  Time since last request: 362.318830 seconds.
  path: Assets/WaterShader/Shaders/DistortionFlow.shader
  artifactKey: Guid(e07d78b7f2fc3354399a3a4090a4aeb7) Importer(815301076,1909f56bfc062723c751e8b465ee728b)
Start importing Assets/WaterShader/Shaders/DistortionFlow.shader using Guid(e07d78b7f2fc3354399a3a4090a4aeb7) Importer(815301076,1909f56bfc062723c751e8b465ee728b)  -> (artifact id: 'fa7f8d911444dbfccb461275d628fea1') in 0.012377 seconds
  Import took 0.023806 seconds .

========================================================================
Received Import Request.
  Time since last request: 0.001904 seconds.
  path: Assets/WaterShader/Shaders/DistortionFlow.shader
  artifactKey: Guid(e07d78b7f2fc3354399a3a4090a4aeb7) Importer(815301076,1909f56bfc062723c751e8b465ee728b)
Start importing Assets/WaterShader/Shaders/DistortionFlow.shader using Guid(e07d78b7f2fc3354399a3a4090a4aeb7) Importer(815301076,1909f56bfc062723c751e8b465ee728b)  -> (artifact id: 'fa7f8d911444dbfccb461275d628fea1') in 0.002454 seconds
  Import took 0.005115 seconds .

========================================================================
Received Import Request.
  Time since last request: 128.902515 seconds.
  path: Assets/WaterShader/Shaders/DistortionFlow.shader
  artifactKey: Guid(e07d78b7f2fc3354399a3a4090a4aeb7) Importer(815301076,1909f56bfc062723c751e8b465ee728b)
Start importing Assets/WaterShader/Shaders/DistortionFlow.shader using Guid(e07d78b7f2fc3354399a3a4090a4aeb7) Importer(815301076,1909f56bfc062723c751e8b465ee728b)  -> (artifact id: '45f562ea4aebb0aabdd587f9bea5d454') in 0.003908 seconds
  Import took 0.006265 seconds .

========================================================================
Received Import Request.
  Time since last request: 13.731584 seconds.
  path: Assets/WaterShader/Shaders/DistortionFlow.shader
  artifactKey: Guid(e07d78b7f2fc3354399a3a4090a4aeb7) Importer(815301076,1909f56bfc062723c751e8b465ee728b)
Start importing Assets/WaterShader/Shaders/DistortionFlow.shader using Guid(e07d78b7f2fc3354399a3a4090a4aeb7) Importer(815301076,1909f56bfc062723c751e8b465ee728b)  -> (artifact id: '54b15b2ecc90bd57dc8eb8b29027d309') in 0.003185 seconds
  Import took 0.005626 seconds .

========================================================================
Received Prepare
Registering precompiled user dll's ...
Registered in 0.000728 seconds.
Begin MonoManager ReloadAssembly
Native extension for WindowsStandalone target not found
Native extension for WebGL target not found
Refreshing native plugins compatible for Editor in 0.24 ms, found 0 plugins.
Preloading 0 native plugins for Editor in 0.00 ms.
Invoked RoslynAnalysisRunner static constructor.
RoslynAnalysisRunner will not be running.
RoslynAnalysisRunner has terminated.
Mono: successfully reloaded assembly
- Completed reload, in  1.045 seconds
Platform modules already initialized, skipping
Refreshing native plugins compatible for Editor in 0.23 ms, found 0 plugins.
Preloading 0 native plugins for Editor in 0.00 ms.
Unloading 1097 Unused Serialized files (Serialized files now loaded: 0)
System memory in use before: 59.6 MB.
System memory in use after: 59.7 MB.

Unloading 4 unused Assets to reduce memory usage. Loaded Objects now: 1578.
Total: 2.129400 ms (FindLiveObjects: 0.168800 ms CreateObjectMapping: 0.042700 ms MarkObjects: 1.901400 ms  DeleteObjects: 0.015200 ms)

========================================================================
Received Prepare
Registering precompiled user dll's ...
Registered in 0.000962 seconds.
Begin MonoManager ReloadAssembly
Native extension for WindowsStandalone target not found
Native extension for WebGL target not found
Refreshing native plugins compatible for Editor in 0.24 ms, found 0 plugins.
Preloading 0 native plugins for Editor in 0.00 ms.
Invoked RoslynAnalysisRunner static constructor.
RoslynAnalysisRunner will not be running.
RoslynAnalysisRunner has terminated.
Mono: successfully reloaded assembly
- Completed reload, in  0.996 seconds
Platform modules already initialized, skipping
Refreshing native plugins compatible for Editor in 0.29 ms, found 0 plugins.
Preloading 0 native plugins for Editor in 0.00 ms.
Unloading 1097 Unused Serialized files (Serialized files now loaded: 0)
System memory in use before: 59.7 MB.
System memory in use after: 59.8 MB.

Unloading 4 unused Assets to reduce memory usage. Loaded Objects now: 1580.
Total: 2.656600 ms (FindLiveObjects: 0.161100 ms CreateObjectMapping: 0.045000 ms MarkObjects: 2.431700 ms  DeleteObjects: 0.017500 ms)

========================================================================
Received Import Request.
  Time since last request: 171.323985 seconds.
  path: Assets/TopDown3DController.unity
  artifactKey: Guid(0ce2a193c5cdac040b3d86fc4b418ee8) Importer(815301076,1909f56bfc062723c751e8b465ee728b)
Start importing Assets/TopDown3DController.unity using Guid(0ce2a193c5cdac040b3d86fc4b418ee8) Importer(815301076,1909f56bfc062723c751e8b465ee728b)  -> (artifact id: '46f027e532a782cfb80540c97b1c6c87') in 0.020996 seconds
  Import took 0.023781 seconds .

========================================================================
Received Import Request.
  Time since last request: 55.421570 seconds.
  path: Assets/WaterShader/Caustics/AndrewCaustic.shader
  artifactKey: Guid(62559dd8e7e314b4aa9474a30bbce69e) Importer(815301076,1909f56bfc062723c751e8b465ee728b)
Start importing Assets/WaterShader/Caustics/AndrewCaustic.shader using Guid(62559dd8e7e314b4aa9474a30bbce69e) Importer(815301076,1909f56bfc062723c751e8b465ee728b)  -> (artifact id: '80de381bcdb02461d73c1b36fb781d94') in 0.011871 seconds
  Import took 0.015267 seconds .

========================================================================
Received Import Request.
  Time since last request: 0.002312 seconds.
  path: Assets/WaterShader/Caustics/AndrewCaustic.shader
  artifactKey: Guid(62559dd8e7e314b4aa9474a30bbce69e) Importer(815301076,1909f56bfc062723c751e8b465ee728b)
Start importing Assets/WaterShader/Caustics/AndrewCaustic.shader using Guid(62559dd8e7e314b4aa9474a30bbce69e) Importer(815301076,1909f56bfc062723c751e8b465ee728b)  -> (artifact id: '80de381bcdb02461d73c1b36fb781d94') in 0.030674 seconds
  Import took 0.033876 seconds .

========================================================================
Received Import Request.
  Time since last request: 6.306385 seconds.
  path: Assets/WaterShader/Caustics/Caustics
  artifactKey: Guid(cf082c434838bcd43b4b395d4eea9287) Importer(815301076,1909f56bfc062723c751e8b465ee728b)
Start importing Assets/WaterShader/Caustics/Caustics using Guid(cf082c434838bcd43b4b395d4eea9287) Importer(815301076,1909f56bfc062723c751e8b465ee728b)  -> (artifact id: 'b3e8a2df3f8bc4af832b81f717b15d3c') in 0.011331 seconds
  Import took 0.014952 seconds .

========================================================================
Received Import Request.
  Time since last request: 0.944316 seconds.
  path: Assets/WaterShader/Caustics/Caustics/caustics_atlas_noalpha.png
  artifactKey: Guid(9bd3c9019945e1f4cab0db5c7337f38d) Importer(815301076,1909f56bfc062723c751e8b465ee728b)
Start importing Assets/WaterShader/Caustics/Caustics/caustics_atlas_noalpha.png using Guid(9bd3c9019945e1f4cab0db5c7337f38d) Importer(815301076,1909f56bfc062723c751e8b465ee728b)  -> (artifact id: 'f60a1b580f17570dc330c45d8f78ddfa') in 0.070922 seconds
  Import took 0.074694 seconds .

========================================================================
Received Import Request.
  Time since last request: 0.009927 seconds.
  path: Assets/WaterShader/Caustics/Caustics/caustics_atlas_noalpha.png
  artifactKey: Guid(9bd3c9019945e1f4cab0db5c7337f38d) Importer(815301076,1909f56bfc062723c751e8b465ee728b)
Start importing Assets/WaterShader/Caustics/Caustics/caustics_atlas_noalpha.png using Guid(9bd3c9019945e1f4cab0db5c7337f38d) Importer(815301076,1909f56bfc062723c751e8b465ee728b)  -> (artifact id: 'f60a1b580f17570dc330c45d8f78ddfa') in 0.018782 seconds
  Import took 0.021709 seconds .

========================================================================
Received Import Request.
  Time since last request: 0.683161 seconds.
  path: Assets/WaterShader/Caustics/Caustics/caustics_atlas.png
  artifactKey: Guid(255d31d69bae14c45860b9b223e2d0f7) Importer(815301076,1909f56bfc062723c751e8b465ee728b)
Start importing Assets/WaterShader/Caustics/Caustics/caustics_atlas.png using Guid(255d31d69bae14c45860b9b223e2d0f7) Importer(815301076,1909f56bfc062723c751e8b465ee728b)  -> (artifact id: 'cdebf0e369e25d200d4cbe56cf6d78a6') in 0.024118 seconds
  Import took 0.065429 seconds .

========================================================================
Received Import Request.
  Time since last request: 1.278970 seconds.
  path: Assets/WaterShader/Caustics/Caustics/frames
  artifactKey: Guid(c0da8c69dee5dfd4baee3dd9b18a8464) Importer(815301076,1909f56bfc062723c751e8b465ee728b)
Start importing Assets/WaterShader/Caustics/Caustics/frames using Guid(c0da8c69dee5dfd4baee3dd9b18a8464) Importer(815301076,1909f56bfc062723c751e8b465ee728b)  -> (artifact id: 'ba3fbe50ef4c3f1d98ec898e135c4e1b') in 0.007853 seconds
  Import took 0.010360 seconds .

========================================================================
Received Import Request.
  Time since last request: 0.835084 seconds.
  path: Assets/WaterShader/Caustics/Caustics/frames/caust_001.png
  artifactKey: Guid(a10b6a8cbdafc7247901e999eb403574) Importer(815301076,1909f56bfc062723c751e8b465ee728b)
Start importing Assets/WaterShader/Caustics/Caustics/frames/caust_001.png using Guid(a10b6a8cbdafc7247901e999eb403574) Importer(815301076,1909f56bfc062723c751e8b465ee728b)  -> (artifact id: 'dd38f2d5c0b7d75d0eb4d8b92bbccb8d') in 0.014876 seconds
  Import took 0.017697 seconds .

========================================================================
Received Import Request.
  Time since last request: 0.539241 seconds.
  path: Assets/WaterShader/Caustics/Caustics/frames/caust_003.png
  artifactKey: Guid(44257fd819255dd4699c4ac982308706) Importer(815301076,1909f56bfc062723c751e8b465ee728b)
Start importing Assets/WaterShader/Caustics/Caustics/frames/caust_003.png using Guid(44257fd819255dd4699c4ac982308706) Importer(815301076,1909f56bfc062723c751e8b465ee728b)  -> (artifact id: '9bb8f3a0cf7912334bd01855fc9d93eb') in 0.015625 seconds
  Import took 0.018396 seconds .

========================================================================
Received Import Request.
  Time since last request: 0.001472 seconds.
  path: Assets/WaterShader/Caustics/Caustics/frames/caust_003.png
  artifactKey: Guid(44257fd819255dd4699c4ac982308706) Importer(815301076,1909f56bfc062723c751e8b465ee728b)
Start importing Assets/WaterShader/Caustics/Caustics/frames/caust_003.png using Guid(44257fd819255dd4699c4ac982308706) Importer(815301076,1909f56bfc062723c751e8b465ee728b)  -> (artifact id: '9bb8f3a0cf7912334bd01855fc9d93eb') in 0.015588 seconds
  Import took 0.019043 seconds .

========================================================================
Received Import Request.
  Time since last request: 0.307321 seconds.
  path: Assets/WaterShader/Caustics/Caustics/frames/caust_006.png
  artifactKey: Guid(64362b77b6d28bd46b8f35ee54c5e741) Importer(815301076,1909f56bfc062723c751e8b465ee728b)
Start importing Assets/WaterShader/Caustics/Caustics/frames/caust_006.png using Guid(64362b77b6d28bd46b8f35ee54c5e741) Importer(815301076,1909f56bfc062723c751e8b465ee728b)  -> (artifact id: 'e6d10275e5ed803c912b90fb4ba3e729') in 0.016330 seconds
  Import took 0.019030 seconds .

========================================================================
Received Import Request.
  Time since last request: 0.001604 seconds.
  path: Assets/WaterShader/Caustics/Caustics/frames/caust_006.png
  artifactKey: Guid(64362b77b6d28bd46b8f35ee54c5e741) Importer(815301076,1909f56bfc062723c751e8b465ee728b)
Start importing Assets/WaterShader/Caustics/Caustics/frames/caust_006.png using Guid(64362b77b6d28bd46b8f35ee54c5e741) Importer(815301076,1909f56bfc062723c751e8b465ee728b)  -> (artifact id: 'e6d10275e5ed803c912b90fb4ba3e729') in 0.013995 seconds
  Import took 0.016346 seconds .

========================================================================
Received Import Request.
  Time since last request: 0.282363 seconds.
  path: Assets/WaterShader/Caustics/Caustics/frames/caust_009.png
  artifactKey: Guid(7eb7a664abbaa8749aa6c56099c015e0) Importer(815301076,1909f56bfc062723c751e8b465ee728b)
Start importing Assets/WaterShader/Caustics/Caustics/frames/caust_009.png using Guid(7eb7a664abbaa8749aa6c56099c015e0) Importer(815301076,1909f56bfc062723c751e8b465ee728b)  -> (artifact id: '53548c0d6a8a7541ff94bb19151fc0a3') in 0.014403 seconds
  Import took 0.016788 seconds .

========================================================================
Received Import Request.
  Time since last request: 0.286299 seconds.
  path: Assets/WaterShader/Caustics/Caustics/frames/caust_012.png
  artifactKey: Guid(6a1e7f83cb1c93248bb580b5bbac2613) Importer(815301076,1909f56bfc062723c751e8b465ee728b)
Start importing Assets/WaterShader/Caustics/Caustics/frames/caust_012.png using Guid(6a1e7f83cb1c93248bb580b5bbac2613) Importer(815301076,1909f56bfc062723c751e8b465ee728b)  -> (artifact id: '0f605e17bd8043b2e75b21acfe6ab2f0') in 0.030489 seconds
  Import took 0.055704 seconds .

========================================================================
Received Import Request.
  Time since last request: 0.195542 seconds.
  path: Assets/WaterShader/Caustics/Caustics/frames/caust_015.png
  artifactKey: Guid(0433840e028a51b41b8a8321560fc439) Importer(815301076,1909f56bfc062723c751e8b465ee728b)
Start importing Assets/WaterShader/Caustics/Caustics/frames/caust_015.png using Guid(0433840e028a51b41b8a8321560fc439) Importer(815301076,1909f56bfc062723c751e8b465ee728b)  -> (artifact id: 'c7729a93531893372da8c388c708ad6f') in 0.012377 seconds
  Import took 0.014785 seconds .

========================================================================
Received Import Request.
  Time since last request: 5.066833 seconds.
  path: Assets/WaterShader/Caustics/Caustic.shader
  artifactKey: Guid(f77ac027475201f48b382a3deca97591) Importer(815301076,1909f56bfc062723c751e8b465ee728b)
Start importing Assets/WaterShader/Caustics/Caustic.shader using Guid(f77ac027475201f48b382a3deca97591) Importer(815301076,1909f56bfc062723c751e8b465ee728b)  -> (artifact id: '5cf62f3a78ce839a6deaf132cd86de91') in 0.008449 seconds
  Import took 0.011487 seconds .

========================================================================
Received Import Request.
  Time since last request: 72.057844 seconds.
  path: Assets/WaterShader/Refraction/DistortionFlow.shader
  artifactKey: Guid(43f3213734ad96643b85415d67a25e7e) Importer(815301076,1909f56bfc062723c751e8b465ee728b)
Start importing Assets/WaterShader/Refraction/DistortionFlow.shader using Guid(43f3213734ad96643b85415d67a25e7e) Importer(815301076,1909f56bfc062723c751e8b465ee728b)  -> (artifact id: 'b7236abd4bb4086ce0224dbb1f9991c5') in 0.003369 seconds
  Import took 0.005746 seconds .

========================================================================
Received Import Request.
  Time since last request: 0.000919 seconds.
  path: Assets/WaterShader/Refraction/DistortionFlow.shader
  artifactKey: Guid(43f3213734ad96643b85415d67a25e7e) Importer(815301076,1909f56bfc062723c751e8b465ee728b)
Start importing Assets/WaterShader/Refraction/DistortionFlow.shader using Guid(43f3213734ad96643b85415d67a25e7e) Importer(815301076,1909f56bfc062723c751e8b465ee728b)  -> (artifact id: 'b7236abd4bb4086ce0224dbb1f9991c5') in 0.002967 seconds
  Import took 0.005287 seconds .

========================================================================
Received Import Request.
  Time since last request: 6.180489 seconds.
  path: Assets/WaterShader/Refraction/Water
  artifactKey: Guid(39423a6fdb540e342807d8002e6b03bd) Importer(815301076,1909f56bfc062723c751e8b465ee728b)
Start importing Assets/WaterShader/Refraction/Water using Guid(39423a6fdb540e342807d8002e6b03bd) Importer(815301076,1909f56bfc062723c751e8b465ee728b)  -> (artifact id: 'c52bb6dd22468a58140045cdba7f5821') in 0.007135 seconds
  Import took 0.009726 seconds .

========================================================================
Received Prepare
Registering precompiled user dll's ...
Registered in 0.000738 seconds.
Begin MonoManager ReloadAssembly
Native extension for WindowsStandalone target not found
Native extension for WebGL target not found
Refreshing native plugins compatible for Editor in 0.26 ms, found 0 plugins.
Preloading 0 native plugins for Editor in 0.00 ms.
Invoked RoslynAnalysisRunner static constructor.
RoslynAnalysisRunner will not be running.
RoslynAnalysisRunner has terminated.
Mono: successfully reloaded assembly
- Completed reload, in  1.005 seconds
Platform modules already initialized, skipping
Refreshing native plugins compatible for Editor in 0.30 ms, found 0 plugins.
Preloading 0 native plugins for Editor in 0.00 ms.
Unloading 1099 Unused Serialized files (Serialized files now loaded: 0)
System memory in use before: 61.1 MB.
System memory in use after: 60.9 MB.

Unloading 6 unused Assets to reduce memory usage. Loaded Objects now: 1584.
Total: 2.318900 ms (FindLiveObjects: 0.187100 ms CreateObjectMapping: 0.051400 ms MarkObjects: 1.787600 ms  DeleteObjects: 0.291600 ms)

========================================================================
Received Import Request.
  Time since last request: 325.461383 seconds.
  path: Assets/WaterShader/Refraction
  artifactKey: Guid(d085726cd0b68a1438feb529107e3e38) Importer(815301076,1909f56bfc062723c751e8b465ee728b)
Start importing Assets/WaterShader/Refraction using Guid(d085726cd0b68a1438feb529107e3e38) Importer(815301076,1909f56bfc062723c751e8b465ee728b)  -> (artifact id: '7fd6edf76c2e53aa2694addc28be5f05') in 0.011553 seconds
  Import took 0.014398 seconds .

========================================================================
Received Import Request.
  Time since last request: 162.510462 seconds.
  path: Assets/Editor/Doxygen/Resources/LightTheme/background_navigation.png
  artifactKey: Guid(0703487be6334e740bddaf43c605e11c) Importer(815301076,1909f56bfc062723c751e8b465ee728b)
Start importing Assets/Editor/Doxygen/Resources/LightTheme/background_navigation.png using Guid(0703487be6334e740bddaf43c605e11c) Importer(815301076,1909f56bfc062723c751e8b465ee728b)  -> (artifact id: '35c7ed306201cd6ea753fc08cf8ee5a7') in 0.108970 seconds
  Import took 0.111792 seconds .

========================================================================
Received Import Request.
  Time since last request: 0.000319 seconds.
  path: Assets/Art/Art Assets/Textures/CannonLow.png
  artifactKey: Guid(f463ad7c05b0b1848a23b546c3e3cf5e) Importer(815301076,1909f56bfc062723c751e8b465ee728b)
Start importing Assets/Art/Art Assets/Textures/CannonLow.png using Guid(f463ad7c05b0b1848a23b546c3e3cf5e) Importer(815301076,1909f56bfc062723c751e8b465ee728b)  -> (artifact id: '28c0d14ea9ac9c359630882945f58c26') in 0.050338 seconds
  Import took 0.053822 seconds .

========================================================================
Received Import Request.
  Time since last request: 0.000266 seconds.
  path: Assets/Art/Art Assets/Textures/EngineTrail.psd
  artifactKey: Guid(9ddbf48e32944eb4e8d4f05455484cdf) Importer(815301076,1909f56bfc062723c751e8b465ee728b)
Start importing Assets/Art/Art Assets/Textures/EngineTrail.psd using Guid(9ddbf48e32944eb4e8d4f05455484cdf) Importer(815301076,1909f56bfc062723c751e8b465ee728b)  -> (artifact id: '45e6382041cacc73108bb21bdbbb7cd5') in 0.041877 seconds
  Import took 0.044778 seconds .

========================================================================
Received Import Request.
  Time since last request: 0.000277 seconds.
  path: Assets/WaterShader/Materials/Water/Water.png
  artifactKey: Guid(3a0bee09ea4e2cd4f85c96815fd77a8c) Importer(815301076,1909f56bfc062723c751e8b465ee728b)
Start importing Assets/WaterShader/Materials/Water/Water.png using Guid(3a0bee09ea4e2cd4f85c96815fd77a8c) Importer(815301076,1909f56bfc062723c751e8b465ee728b)  -> (artifact id: 'e8109cc129d6fc15ebf80e9810e417d4') in 0.015152 seconds
  Import took 0.033056 seconds .

========================================================================
Received Import Request.
  Time since last request: 0.000282 seconds.
  path: Assets/WaterShader/Caustics/Caustics/frames/caust_011.png
  artifactKey: Guid(d4d34e93c509abe4dbbc399c5d45c473) Importer(815301076,1909f56bfc062723c751e8b465ee728b)
Start importing Assets/WaterShader/Caustics/Caustics/frames/caust_011.png using Guid(d4d34e93c509abe4dbbc399c5d45c473) Importer(815301076,1909f56bfc062723c751e8b465ee728b)  -> (artifact id: 'fe1f4f5285bafdc3cf76ac79349c11ba') in 0.015082 seconds
  Import took 0.018001 seconds .

========================================================================
Received Import Request.
  Time since last request: 0.000390 seconds.
  path: Assets/WaterShader/Refraction/Water/Water Normal.png
  artifactKey: Guid(bd3402c78cba5af4ba24c4025320c7f7) Importer(815301076,1909f56bfc062723c751e8b465ee728b)
Start importing Assets/WaterShader/Refraction/Water/Water Normal.png using Guid(bd3402c78cba5af4ba24c4025320c7f7) Importer(815301076,1909f56bfc062723c751e8b465ee728b)  -> (artifact id: 'bd6d4b626871b6525b542f042c0a1399') in 0.052932 seconds
  Import took 0.055866 seconds .

========================================================================
Received Import Request.
  Time since last request: 0.000294 seconds.
  path: Assets/AndrewsClass/SpaceFighter/Art Assets/Textures/FighterLow.png
  artifactKey: Guid(4ea72592004aad045a4378040c9ae559) Importer(815301076,1909f56bfc062723c751e8b465ee728b)
Start importing Assets/AndrewsClass/SpaceFighter/Art Assets/Textures/FighterLow.png using Guid(4ea72592004aad045a4378040c9ae559) Importer(815301076,1909f56bfc062723c751e8b465ee728b)  -> (artifact id: 'c90ffff973a3fbf24816e0a5102acf66') in 0.048359 seconds
  Import took 0.051092 seconds .

========================================================================
Received Import Request.
  Time since last request: 0.000415 seconds.
  path: Assets/WaterShader/Caustics/Caustics/frames/caust_013.png
  artifactKey: Guid(c24db7fd6384d1b4289778fd197ad43c) Importer(815301076,1909f56bfc062723c751e8b465ee728b)
Start importing Assets/WaterShader/Caustics/Caustics/frames/caust_013.png using Guid(c24db7fd6384d1b4289778fd197ad43c) Importer(815301076,1909f56bfc062723c751e8b465ee728b)  -> (artifact id: '7029c9db3645866dc8104d90e2e7f227') in 0.015513 seconds
  Import took 0.018577 seconds .

========================================================================
Received Import Request.
  Time since last request: 0.000466 seconds.
  path: Assets/WaterShader/Refraction/Water/Water.png
  artifactKey: Guid(57c58c97975df0048899980f4578c1da) Importer(815301076,1909f56bfc062723c751e8b465ee728b)
Start importing Assets/WaterShader/Refraction/Water/Water.png using Guid(57c58c97975df0048899980f4578c1da) Importer(815301076,1909f56bfc062723c751e8b465ee728b)  -> (artifact id: '91ce8b7fea394380025e12e0f30bca02') in 0.016492 seconds
  Import took 0.019440 seconds .

========================================================================
Received Import Request.
  Time since last request: 0.000269 seconds.
  path: Assets/WaterShader/Caustics/Caustics/frames/caust_014.png
  artifactKey: Guid(d21deb17fdbe50b498eb8da6c13a5570) Importer(815301076,1909f56bfc062723c751e8b465ee728b)
Start importing Assets/WaterShader/Caustics/Caustics/frames/caust_014.png using Guid(d21deb17fdbe50b498eb8da6c13a5570) Importer(815301076,1909f56bfc062723c751e8b465ee728b)  -> (artifact id: '95045cf0717ce4ef872ec0497b73e17b') in 0.014418 seconds
  Import took 0.016860 seconds .

========================================================================
Received Import Request.
  Time since last request: 0.000249 seconds.
  path: Assets/Editor/Doxygen/Resources/DarkTheme/img_downArrow.png
  artifactKey: Guid(f3e8f711b1840f042be7d05ea9959d53) Importer(815301076,1909f56bfc062723c751e8b465ee728b)
Start importing Assets/Editor/Doxygen/Resources/DarkTheme/img_downArrow.png using Guid(f3e8f711b1840f042be7d05ea9959d53) Importer(815301076,1909f56bfc062723c751e8b465ee728b)  -> (artifact id: 'eb0cd122b0da02cd572943f86200bb6d') in 0.033422 seconds
  Import took 0.035717 seconds .

========================================================================
Received Import Request.
  Time since last request: 0.000267 seconds.
  path: Assets/WaterShader/Caustics/Caustics/frames/caust_010.png
  artifactKey: Guid(30a1aefaf4347c346bf1574712948c07) Importer(815301076,1909f56bfc062723c751e8b465ee728b)
Start importing Assets/WaterShader/Caustics/Caustics/frames/caust_010.png using Guid(30a1aefaf4347c346bf1574712948c07) Importer(815301076,1909f56bfc062723c751e8b465ee728b)  -> (artifact id: 'ec49d9cf5511edbafc2fa3d382109ed0') in 0.017582 seconds
  Import took 0.020414 seconds .

========================================================================
Received Import Request.
  Time since last request: 0.000300 seconds.
  path: Assets/Art/Art Assets/Textures/CannonMedium.png
  artifactKey: Guid(2989d1408f2981748bfe5ead78021611) Importer(815301076,1909f56bfc062723c751e8b465ee728b)
Start importing Assets/Art/Art Assets/Textures/CannonMedium.png using Guid(2989d1408f2981748bfe5ead78021611) Importer(815301076,1909f56bfc062723c751e8b465ee728b)  -> (artifact id: '7495c164ccd0aaf365e478a16d6173e9') in 0.044366 seconds
  Import took 0.047868 seconds .

========================================================================
Received Import Request.
  Time since last request: 0.000331 seconds.
  path: Assets/WaterShader/Materials/Water/Water Derivative Height.png
  artifactKey: Guid(40cc94fe1bdb0384ab1ae6764efd12a2) Importer(815301076,1909f56bfc062723c751e8b465ee728b)
Start importing Assets/WaterShader/Materials/Water/Water Derivative Height.png using Guid(40cc94fe1bdb0384ab1ae6764efd12a2) Importer(815301076,1909f56bfc062723c751e8b465ee728b)  -> (artifact id: 'f21a99b2314d2270679c704d4c4dc99b') in 0.016948 seconds
  Import took 0.019563 seconds .

========================================================================
Received Import Request.
  Time since last request: 0.000346 seconds.
  path: Assets/WaterShader/Caustics/Caustics/frames/caust_016.png
  artifactKey: Guid(01e45ab0945700546a259c58fbe7fb75) Importer(815301076,1909f56bfc062723c751e8b465ee728b)
Start importing Assets/WaterShader/Caustics/Caustics/frames/caust_016.png using Guid(01e45ab0945700546a259c58fbe7fb75) Importer(815301076,1909f56bfc062723c751e8b465ee728b)  -> (artifact id: '6e5f8781ad0b4a22e38b31abe613e739') in 0.015387 seconds
  Import took 0.018639 seconds .

========================================================================
Received Import Request.
  Time since last request: 0.000260 seconds.
  path: Assets/Art/Art Assets/Textures/FighterLow.png
  artifactKey: Guid(1aae84a3c5a05244f8617a6bb40d31d5) Importer(815301076,1909f56bfc062723c751e8b465ee728b)
Start importing Assets/Art/Art Assets/Textures/FighterLow.png using Guid(1aae84a3c5a05244f8617a6bb40d31d5) Importer(815301076,1909f56bfc062723c751e8b465ee728b)  -> (artifact id: '582771479bab4181d2d295594ad30a8d') in 0.015577 seconds
  Import took 0.019385 seconds .

========================================================================
Received Import Request.
  Time since last request: 0.000280 seconds.
  path: Assets/WaterShader/Refraction/Water/Ripples Derivative Height.png
  artifactKey: Guid(a10aa33bb48997f48a9d3517142ece61) Importer(815301076,1909f56bfc062723c751e8b465ee728b)
Start importing Assets/WaterShader/Refraction/Water/Ripples Derivative Height.png using Guid(a10aa33bb48997f48a9d3517142ece61) Importer(815301076,1909f56bfc062723c751e8b465ee728b)  -> (artifact id: 'aa7439b007cce288766b1bf5f416c3d0') in 0.019088 seconds
  Import took 0.038634 seconds .

========================================================================
Received Import Request.
  Time since last request: 0.000298 seconds.
  path: Assets/Art/RenderTexture_ForDepthBuffer.renderTexture
  artifactKey: Guid(55f9e12918094b843bc1f46b1132b916) Importer(815301076,1909f56bfc062723c751e8b465ee728b)
Start importing Assets/Art/RenderTexture_ForDepthBuffer.renderTexture using Guid(55f9e12918094b843bc1f46b1132b916) Importer(815301076,1909f56bfc062723c751e8b465ee728b)  -> (artifact id: '652ff10e68729366e7d93a9fbb934fb8') in 0.036648 seconds
  Import took 0.040297 seconds .

========================================================================
Received Import Request.
  Time since last request: 0.000254 seconds.
  path: Assets/WaterShader/Caustics/Caustics/frames/caust_008.png
  artifactKey: Guid(1e2916976b757704eb02aa4caddf1c5a) Importer(815301076,1909f56bfc062723c751e8b465ee728b)
Start importing Assets/WaterShader/Caustics/Caustics/frames/caust_008.png using Guid(1e2916976b757704eb02aa4caddf1c5a) Importer(815301076,1909f56bfc062723c751e8b465ee728b)  -> (artifact id: 'e0371c6cda9849ddbc0dc3d9cbbc2053') in 0.012821 seconds
  Import took 0.015260 seconds .

========================================================================
Received Import Request.
  Time since last request: 0.000284 seconds.
  path: Assets/Editor/Doxygen/Resources/LightTheme/img_downArrow.png
  artifactKey: Guid(bf417702d792d0c46940b2f2be78185c) Importer(815301076,1909f56bfc062723c751e8b465ee728b)
Start importing Assets/Editor/Doxygen/Resources/LightTheme/img_downArrow.png using Guid(bf417702d792d0c46940b2f2be78185c) Importer(815301076,1909f56bfc062723c751e8b465ee728b)  -> (artifact id: '4a75d3421db07b35cb770dd4715308f8') in 0.062184 seconds
  Import took 0.064993 seconds .

========================================================================
Received Import Request.
  Time since last request: 0.000333 seconds.
  path: Assets/WaterShader/Caustics/Caustics/frames/caust_007.png
  artifactKey: Guid(ed28f6ade91aa4345bee5429af6487bf) Importer(815301076,1909f56bfc062723c751e8b465ee728b)
Start importing Assets/WaterShader/Caustics/Caustics/frames/caust_007.png using Guid(ed28f6ade91aa4345bee5429af6487bf) Importer(815301076,1909f56bfc062723c751e8b465ee728b)  -> (artifact id: '22c26bf169b918da70527e2dbfe35957') in 0.013966 seconds
  Import took 0.017259 seconds .

========================================================================
Received Import Request.
  Time since last request: 0.000271 seconds.
  path: Assets/AndrewsClass/SpaceFighter/Art Assets/Textures/EngineTrail.psd
  artifactKey: Guid(682fea99dc5f49d499f79900fcd47ab5) Importer(815301076,1909f56bfc062723c751e8b465ee728b)
Start importing Assets/AndrewsClass/SpaceFighter/Art Assets/Textures/EngineTrail.psd using Guid(682fea99dc5f49d499f79900fcd47ab5) Importer(815301076,1909f56bfc062723c751e8b465ee728b)  -> (artifact id: 'd5a3ed28ff7b9253c7c34bfa959d7adb') in 0.005964 seconds
  Import took 0.008251 seconds .

========================================================================
Received Import Request.
  Time since last request: 0.000293 seconds.
  path: Assets/WaterShader/Refraction/Water/Flow Speed Noise.png
  artifactKey: Guid(c945512420577cd449263092ca3ed256) Importer(815301076,1909f56bfc062723c751e8b465ee728b)
Start importing Assets/WaterShader/Refraction/Water/Flow Speed Noise.png using Guid(c945512420577cd449263092ca3ed256) Importer(815301076,1909f56bfc062723c751e8b465ee728b)  -> (artifact id: '6a532cea1a23f509cfeac88f6dfa45d3') in 0.016614 seconds
  Import took 0.019772 seconds .

========================================================================
Received Import Request.
  Time since last request: 0.000260 seconds.
  path: Assets/WaterShader/Refraction/Water/Water Derivative Height.png
  artifactKey: Guid(1285190cc9b132942ae369902ddf0909) Importer(815301076,1909f56bfc062723c751e8b465ee728b)
Start importing Assets/WaterShader/Refraction/Water/Water Derivative Height.png using Guid(1285190cc9b132942ae369902ddf0909) Importer(815301076,1909f56bfc062723c751e8b465ee728b)  -> (artifact id: 'f277917d367a1fd7b2addefb980bfab6') in 0.014514 seconds
  Import took 0.017745 seconds .

========================================================================
Received Import Request.
  Time since last request: 0.000270 seconds.
  path: Assets/WaterShader/Refraction/Water/uv.png
  artifactKey: Guid(3e5dadb1c16b2c04c8fcfbb70bf09431) Importer(815301076,1909f56bfc062723c751e8b465ee728b)
Start importing Assets/WaterShader/Refraction/Water/uv.png using Guid(3e5dadb1c16b2c04c8fcfbb70bf09431) Importer(815301076,1909f56bfc062723c751e8b465ee728b)  -> (artifact id: '1d52945d4326a558093b5b61e6022424') in 0.016963 seconds
  Import took 0.019860 seconds .

========================================================================
Received Import Request.
  Time since last request: 0.000267 seconds.
  path: Assets/AndrewsClass/SpaceFighter/Art Assets/Textures/FighterMedium.png
  artifactKey: Guid(c37f39434b192a0468061c66c32f8870) Importer(815301076,1909f56bfc062723c751e8b465ee728b)
Start importing Assets/AndrewsClass/SpaceFighter/Art Assets/Textures/FighterMedium.png using Guid(c37f39434b192a0468061c66c32f8870) Importer(815301076,1909f56bfc062723c751e8b465ee728b)  -> (artifact id: '854fa1d525afef9df8e432c766f0d8c6') in 0.060471 seconds
  Import took 0.063897 seconds .

========================================================================
Received Import Request.
  Time since last request: 0.000318 seconds.
  path: Assets/AndrewsClass/SpaceFighter/Art Assets/Textures/CannonLow.png
  artifactKey: Guid(37e8c120cd8ebfa409eae0d9aff00f40) Importer(815301076,1909f56bfc062723c751e8b465ee728b)
Start importing Assets/AndrewsClass/SpaceFighter/Art Assets/Textures/CannonLow.png using Guid(37e8c120cd8ebfa409eae0d9aff00f40) Importer(815301076,1909f56bfc062723c751e8b465ee728b)  -> (artifact id: 'acd25b33ac7b6c7164c9121bfe20438b') in 0.013125 seconds
  Import took 0.015890 seconds .

========================================================================
Received Import Request.
  Time since last request: 0.000318 seconds.
  path: Assets/WaterShader/Materials/Water/Flow Speed Noise.png
  artifactKey: Guid(9811ba380c02458459ca5d45be9f9418) Importer(815301076,1909f56bfc062723c751e8b465ee728b)
Start importing Assets/WaterShader/Materials/Water/Flow Speed Noise.png using Guid(9811ba380c02458459ca5d45be9f9418) Importer(815301076,1909f56bfc062723c751e8b465ee728b)  -> (artifact id: '1570e0644ec0ad157448e06d76bbd56f') in 0.015193 seconds
  Import took 0.018263 seconds .

========================================================================
Received Import Request.
  Time since last request: 0.000250 seconds.
  path: Assets/AndrewsClass/SpaceFighter/Art Assets/Textures/CannonMedium.png
  artifactKey: Guid(940da3bc1f79b2444876f8966c591aa0) Importer(815301076,1909f56bfc062723c751e8b465ee728b)
Start importing Assets/AndrewsClass/SpaceFighter/Art Assets/Textures/CannonMedium.png using Guid(940da3bc1f79b2444876f8966c591aa0) Importer(815301076,1909f56bfc062723c751e8b465ee728b)  -> (artifact id: '7e8f5ef25a8a34bfe2df2f6cc6a64ded') in 0.013683 seconds
  Import took 0.016550 seconds .

========================================================================
Received Import Request.
  Time since last request: 0.000288 seconds.
  path: Assets/WaterShader/Caustics/Caustics/frames/caust_005.png
  artifactKey: Guid(bb0506de4aa4f4c4a90c0f62954fe4ac) Importer(815301076,1909f56bfc062723c751e8b465ee728b)
Start importing Assets/WaterShader/Caustics/Caustics/frames/caust_005.png using Guid(bb0506de4aa4f4c4a90c0f62954fe4ac) Importer(815301076,1909f56bfc062723c751e8b465ee728b)  -> (artifact id: 'cd0089d66b4d461fd64d13cc5270a0fb') in 0.013783 seconds
  Import took 0.016810 seconds .

========================================================================
Received Import Request.
  Time since last request: 0.000298 seconds.
  path: Assets/WaterShader/Caustics/Caustics/frames/caust_004.png
  artifactKey: Guid(9ffc0bff99e93074e82c6557d586b252) Importer(815301076,1909f56bfc062723c751e8b465ee728b)
Start importing Assets/WaterShader/Caustics/Caustics/frames/caust_004.png using Guid(9ffc0bff99e93074e82c6557d586b252) Importer(815301076,1909f56bfc062723c751e8b465ee728b)  -> (artifact id: '35b9907aaa66122e7fc06af3455cdd0d') in 0.015884 seconds
  Import took 0.020383 seconds .

========================================================================
Received Import Request.
  Time since last request: 0.000247 seconds.
  path: Assets/WaterShader/Caustics/Caustics/frames/caust_002.png
  artifactKey: Guid(209fc9adda22f664a975cc1cec1a8cd3) Importer(815301076,1909f56bfc062723c751e8b465ee728b)
Start importing Assets/WaterShader/Caustics/Caustics/frames/caust_002.png using Guid(209fc9adda22f664a975cc1cec1a8cd3) Importer(815301076,1909f56bfc062723c751e8b465ee728b)  -> (artifact id: '01ba5e53d048504dd4a8e43c463892f2') in 0.014681 seconds
  Import took 0.017240 seconds .

========================================================================
Received Import Request.
  Time since last request: 0.000312 seconds.
  path: Assets/Art/Art Assets/Textures/FighterMedium.png
  artifactKey: Guid(31b35dac170cfca4b9ae5df5a902cee3) Importer(815301076,1909f56bfc062723c751e8b465ee728b)
Start importing Assets/Art/Art Assets/Textures/FighterMedium.png using Guid(31b35dac170cfca4b9ae5df5a902cee3) Importer(815301076,1909f56bfc062723c751e8b465ee728b)  -> (artifact id: '22feede3f460bb9ce4f0241f4a9b700d') in 0.013288 seconds
  Import took 0.016085 seconds .

========================================================================
Received Prepare
Registering precompiled user dll's ...
Registered in 0.000731 seconds.
Begin MonoManager ReloadAssembly
Native extension for WindowsStandalone target not found
Native extension for WebGL target not found
Refreshing native plugins compatible for Editor in 0.35 ms, found 0 plugins.
Preloading 0 native plugins for Editor in 0.00 ms.
Invoked RoslynAnalysisRunner static constructor.
RoslynAnalysisRunner will not be running.
RoslynAnalysisRunner has terminated.
Mono: successfully reloaded assembly
- Completed reload, in  1.016 seconds
Platform modules already initialized, skipping
Refreshing native plugins compatible for Editor in 0.26 ms, found 0 plugins.
Preloading 0 native plugins for Editor in 0.00 ms.
Unloading 1099 Unused Serialized files (Serialized files now loaded: 0)
System memory in use before: 64.5 MB.
System memory in use after: 64.3 MB.

Unloading 6 unused Assets to reduce memory usage. Loaded Objects now: 1595.
Total: 2.260300 ms (FindLiveObjects: 0.216700 ms CreateObjectMapping: 0.051300 ms MarkObjects: 1.706300 ms  DeleteObjects: 0.284900 ms)

========================================================================
Received Import Request.
  Time since last request: 906.782716 seconds.
  path: Assets/WaterShader/Refraction/DistortionFlow.shader
  artifactKey: Guid(43f3213734ad96643b85415d67a25e7e) Importer(815301076,1909f56bfc062723c751e8b465ee728b)
Start importing Assets/WaterShader/Refraction/DistortionFlow.shader using Guid(43f3213734ad96643b85415d67a25e7e) Importer(815301076,1909f56bfc062723c751e8b465ee728b)  -> (artifact id: '5ae56c712bdb48e89905831a6470269f') in 0.025690 seconds
  Import took 0.028993 seconds .

========================================================================
Received Import Request.
  Time since last request: 0.014431 seconds.
  path: Assets/WaterShader/Refraction/DistortionFlow.shader
  artifactKey: Guid(43f3213734ad96643b85415d67a25e7e) Importer(815301076,1909f56bfc062723c751e8b465ee728b)
Start importing Assets/WaterShader/Refraction/DistortionFlow.shader using Guid(43f3213734ad96643b85415d67a25e7e) Importer(815301076,1909f56bfc062723c751e8b465ee728b)  -> (artifact id: '5ae56c712bdb48e89905831a6470269f') in 0.003616 seconds
  Import took 0.006222 seconds .

========================================================================
Received Import Request.
  Time since last request: 230.134237 seconds.
  path: Assets/WaterShader/Caustics/Caustic.shader
  artifactKey: Guid(f77ac027475201f48b382a3deca97591) Importer(815301076,1909f56bfc062723c751e8b465ee728b)
Start importing Assets/WaterShader/Caustics/Caustic.shader using Guid(f77ac027475201f48b382a3deca97591) Importer(815301076,1909f56bfc062723c751e8b465ee728b)  -> (artifact id: '03b43a5881ec0ade7b70701fc7dea308') in 0.009568 seconds
  Import took 0.013521 seconds .

========================================================================
Received Import Request.
  Time since last request: 0.001323 seconds.
  path: Assets/WaterShader/Caustics/Caustic.shader
  artifactKey: Guid(f77ac027475201f48b382a3deca97591) Importer(815301076,1909f56bfc062723c751e8b465ee728b)
Start importing Assets/WaterShader/Caustics/Caustic.shader using Guid(f77ac027475201f48b382a3deca97591) Importer(815301076,1909f56bfc062723c751e8b465ee728b)  -> (artifact id: '03b43a5881ec0ade7b70701fc7dea308') in 0.004921 seconds
  Import took 0.007985 seconds .

========================================================================
Received Import Request.
  Time since last request: 10.432236 seconds.
  path: Assets/Shader/Caustics/Caustic.shader
  artifactKey: Guid(5a765171d82c7c14fab10e48141a6846) Importer(815301076,1909f56bfc062723c751e8b465ee728b)
Start importing Assets/Shader/Caustics/Caustic.shader using Guid(5a765171d82c7c14fab10e48141a6846) Importer(815301076,1909f56bfc062723c751e8b465ee728b)  -> (artifact id: '30c36589850f3552b95d10bdd6c9893b') in 0.003542 seconds
  Import took 0.006078 seconds .

========================================================================
Received Import Request.
  Time since last request: 0.000944 seconds.
  path: Assets/Shader/Caustics/Caustic.shader
  artifactKey: Guid(5a765171d82c7c14fab10e48141a6846) Importer(815301076,1909f56bfc062723c751e8b465ee728b)
Start importing Assets/Shader/Caustics/Caustic.shader using Guid(5a765171d82c7c14fab10e48141a6846) Importer(815301076,1909f56bfc062723c751e8b465ee728b)  -> (artifact id: '30c36589850f3552b95d10bdd6c9893b') in 0.003921 seconds
  Import took 0.007098 seconds .

========================================================================
Received Import Request.
  Time since last request: 77.913304 seconds.
  path: Assets/Shader/ShaderTest.unity
  artifactKey: Guid(5d1cdf33d5e03634fb505507b6c9f3d2) Importer(815301076,1909f56bfc062723c751e8b465ee728b)
Start importing Assets/Shader/ShaderTest.unity using Guid(5d1cdf33d5e03634fb505507b6c9f3d2) Importer(815301076,1909f56bfc062723c751e8b465ee728b)  -> (artifact id: 'd7a94333b322b32c3a51e0403e361810') in 0.008532 seconds
  Import took 0.011285 seconds .

========================================================================
Received Import Request.
  Time since last request: 153.977710 seconds.
  path: Assets/Shader/Caustics/Caustics/frames/caust_001.png
  artifactKey: Guid(dd05bc790bb2e9746b598518c0906094) Importer(815301076,1909f56bfc062723c751e8b465ee728b)
Start importing Assets/Shader/Caustics/Caustics/frames/caust_001.png using Guid(dd05bc790bb2e9746b598518c0906094) Importer(815301076,1909f56bfc062723c751e8b465ee728b)  -> (artifact id: '9b10addadab53d30607334cdab530e46') in 0.043826 seconds
  Import took 0.046861 seconds .

========================================================================
Received Import Request.
  Time since last request: 0.000346 seconds.
  path: Assets/Shader/Caustics/Caustics/caustics_atlas.png
  artifactKey: Guid(3c5b0716bb0118a419af6fa6688905a9) Importer(815301076,1909f56bfc062723c751e8b465ee728b)
Start importing Assets/Shader/Caustics/Caustics/caustics_atlas.png using Guid(3c5b0716bb0118a419af6fa6688905a9) Importer(815301076,1909f56bfc062723c751e8b465ee728b)  -> (artifact id: '2959b8cb182f94872fc506913ecc8b79') in 0.014791 seconds
  Import took 0.017829 seconds .

========================================================================
Received Import Request.
  Time since last request: 0.000349 seconds.
  path: Assets/Shader/Caustics/Caustics/frames/caust_002.png
  artifactKey: Guid(51fa822b9f269ba4e9b15c874b03301e) Importer(815301076,1909f56bfc062723c751e8b465ee728b)
Start importing Assets/Shader/Caustics/Caustics/frames/caust_002.png using Guid(51fa822b9f269ba4e9b15c874b03301e) Importer(815301076,1909f56bfc062723c751e8b465ee728b)  -> (artifact id: '728ab23e8a31ae954d78c18f78291431') in 0.012418 seconds
  Import took 0.015245 seconds .

========================================================================
Received Import Request.
  Time since last request: 0.000295 seconds.
  path: Assets/Shader/Caustics/Caustics/frames/caust_006.png
  artifactKey: Guid(24a42f1895f688047a3edfdc37d15aa0) Importer(815301076,1909f56bfc062723c751e8b465ee728b)
Start importing Assets/Shader/Caustics/Caustics/frames/caust_006.png using Guid(24a42f1895f688047a3edfdc37d15aa0) Importer(815301076,1909f56bfc062723c751e8b465ee728b)  -> (artifact id: '751f801e522fa26bd6ba0ff82f33b994') in 0.013034 seconds
  Import took 0.015441 seconds .

========================================================================
Received Import Request.
  Time since last request: 0.000359 seconds.
  path: Assets/Shader/Caustics/Caustics/frames/caust_010.png
  artifactKey: Guid(f08360184364e62478c8261a2c7df581) Importer(815301076,1909f56bfc062723c751e8b465ee728b)
Start importing Assets/Shader/Caustics/Caustics/frames/caust_010.png using Guid(f08360184364e62478c8261a2c7df581) Importer(815301076,1909f56bfc062723c751e8b465ee728b)  -> (artifact id: '6482afc4b0572dd83c80cf0f9bd613e2') in 0.013593 seconds
  Import took 0.016166 seconds .

========================================================================
Received Import Request.
  Time since last request: 0.000348 seconds.
  path: Assets/Shader/Caustics/Caustics/frames/caust_013.png
  artifactKey: Guid(baed626b716021a4abd1760cd293f6e7) Importer(815301076,1909f56bfc062723c751e8b465ee728b)
Start importing Assets/Shader/Caustics/Caustics/frames/caust_013.png using Guid(baed626b716021a4abd1760cd293f6e7) Importer(815301076,1909f56bfc062723c751e8b465ee728b)  -> (artifact id: '59a210174c1ff305c1af3b537bfe9f62') in 0.012530 seconds
  Import took 0.014975 seconds .

========================================================================
Received Import Request.
  Time since last request: 0.000338 seconds.
  path: Assets/Shader/Caustics/Caustics/frames/caust_002.png
  artifactKey: Guid(51fa822b9f269ba4e9b15c874b03301e) Importer(815301076,1909f56bfc062723c751e8b465ee728b)
Start importing Assets/Shader/Caustics/Caustics/frames/caust_002.png using Guid(51fa822b9f269ba4e9b15c874b03301e) Importer(815301076,1909f56bfc062723c751e8b465ee728b)  -> (artifact id: '728ab23e8a31ae954d78c18f78291431') in 0.012205 seconds
  Import took 0.015262 seconds .

========================================================================
Received Import Request.
  Time since last request: 0.000327 seconds.
  path: Assets/Shader/Caustics/Caustics/frames/caust_014.png
  artifactKey: Guid(7f590768389492b4da2888ed66d114ee) Importer(815301076,1909f56bfc062723c751e8b465ee728b)
Start importing Assets/Shader/Caustics/Caustics/frames/caust_014.png using Guid(7f590768389492b4da2888ed66d114ee) Importer(815301076,1909f56bfc062723c751e8b465ee728b)  -> (artifact id: 'e0510feb6e071292a19f9cb331df793b') in 0.012788 seconds
  Import took 0.015752 seconds .

========================================================================
Received Import Request.
  Time since last request: 0.000295 seconds.
  path: Assets/Shader/Caustics/Caustics/frames/caust_001.png
  artifactKey: Guid(dd05bc790bb2e9746b598518c0906094) Importer(815301076,1909f56bfc062723c751e8b465ee728b)
Start importing Assets/Shader/Caustics/Caustics/frames/caust_001.png using Guid(dd05bc790bb2e9746b598518c0906094) Importer(815301076,1909f56bfc062723c751e8b465ee728b)  -> (artifact id: '9b10addadab53d30607334cdab530e46') in 0.011549 seconds
  Import took 0.014364 seconds .

========================================================================
Received Import Request.
  Time since last request: 0.000316 seconds.
  path: Assets/Shader/Caustics/Caustics/frames/caust_005.png
  artifactKey: Guid(a79a5d98f1591874a989613ec10fcebb) Importer(815301076,1909f56bfc062723c751e8b465ee728b)
Start importing Assets/Shader/Caustics/Caustics/frames/caust_005.png using Guid(a79a5d98f1591874a989613ec10fcebb) Importer(815301076,1909f56bfc062723c751e8b465ee728b)  -> (artifact id: '780b46e90b065e6eb16c71692476ef91') in 0.011285 seconds
  Import took 0.013684 seconds .

========================================================================
Received Import Request.
  Time since last request: 0.000338 seconds.
  path: Assets/Shader/Caustics/Caustics/frames/caust_016.png
  artifactKey: Guid(815bbc6ed7f121d458afe4b1dbed0f5d) Importer(815301076,1909f56bfc062723c751e8b465ee728b)
Start importing Assets/Shader/Caustics/Caustics/frames/caust_016.png using Guid(815bbc6ed7f121d458afe4b1dbed0f5d) Importer(815301076,1909f56bfc062723c751e8b465ee728b)  -> (artifact id: 'eba9202d19635fd3c98a1154f461accf') in 0.011921 seconds
  Import took 0.014863 seconds .

========================================================================
Received Import Request.
  Time since last request: 0.000374 seconds.
  path: Assets/Shader/Caustics/Caustics/caustics_atlas_noalpha.png
  artifactKey: Guid(a91ef8dd3292b66429924ad49ef0b908) Importer(815301076,1909f56bfc062723c751e8b465ee728b)
Start importing Assets/Shader/Caustics/Caustics/caustics_atlas_noalpha.png using Guid(a91ef8dd3292b66429924ad49ef0b908) Importer(815301076,1909f56bfc062723c751e8b465ee728b)  -> (artifact id: '27e465f95ccf06e996f879358dca90ba') in 0.014710 seconds
  Import took 0.017554 seconds .

========================================================================
Received Import Request.
  Time since last request: 0.000303 seconds.
  path: Assets/Shader/Caustics/Caustics/frames/caust_007.png
  artifactKey: Guid(17e7737cd901ed844bbaf47494631a4d) Importer(815301076,1909f56bfc062723c751e8b465ee728b)
Start importing Assets/Shader/Caustics/Caustics/frames/caust_007.png using Guid(17e7737cd901ed844bbaf47494631a4d) Importer(815301076,1909f56bfc062723c751e8b465ee728b)  -> (artifact id: '80a0f6bc3ebd73848c88e25aefb4021a') in 0.014214 seconds
  Import took 0.017070 seconds .

========================================================================
Received Import Request.
  Time since last request: 0.000302 seconds.
  path: Assets/Shader/Caustics/Caustics/frames/caust_015.png
  artifactKey: Guid(8918cdbe95e4e67459783d88965203ea) Importer(815301076,1909f56bfc062723c751e8b465ee728b)
Start importing Assets/Shader/Caustics/Caustics/frames/caust_015.png using Guid(8918cdbe95e4e67459783d88965203ea) Importer(815301076,1909f56bfc062723c751e8b465ee728b)  -> (artifact id: '3e6f256e10c7d1899eba3bf974d80068') in 0.012736 seconds
  Import took 0.015989 seconds .

========================================================================
Received Import Request.
  Time since last request: 0.000284 seconds.
  path: Assets/Shader/Caustics/Caustics/frames/caust_004.png
  artifactKey: Guid(14214e085497dfe40a5e066f5842ea8e) Importer(815301076,1909f56bfc062723c751e8b465ee728b)
Start importing Assets/Shader/Caustics/Caustics/frames/caust_004.png using Guid(14214e085497dfe40a5e066f5842ea8e) Importer(815301076,1909f56bfc062723c751e8b465ee728b)  -> (artifact id: '039a6522191eb5ae04fac663e9fc50c4') in 0.012499 seconds
  Import took 0.015720 seconds .

========================================================================
Received Import Request.
  Time since last request: 0.000308 seconds.
  path: Assets/Shader/Caustics/Caustics/frames/caust_012.png
  artifactKey: Guid(4859a95d5ab38454ca936925a2438443) Importer(815301076,1909f56bfc062723c751e8b465ee728b)
Start importing Assets/Shader/Caustics/Caustics/frames/caust_012.png using Guid(4859a95d5ab38454ca936925a2438443) Importer(815301076,1909f56bfc062723c751e8b465ee728b)  -> (artifact id: 'b6a3be2005bcc945a48a7eeea8840045') in 0.013053 seconds
  Import took 0.016254 seconds .

========================================================================
Received Import Request.
  Time since last request: 0.000318 seconds.
  path: Assets/Shader/Caustics/Caustics/frames/caust_009.png
  artifactKey: Guid(29cb7752aa7a65145b20f513512ecabe) Importer(815301076,1909f56bfc062723c751e8b465ee728b)
Start importing Assets/Shader/Caustics/Caustics/frames/caust_009.png using Guid(29cb7752aa7a65145b20f513512ecabe) Importer(815301076,1909f56bfc062723c751e8b465ee728b)  -> (artifact id: '60e53ab29184cd7aedc82fb28b8b7c5a') in 0.012215 seconds
  Import took 0.015057 seconds .

========================================================================
Received Import Request.
  Time since last request: 0.000279 seconds.
  path: Assets/Shader/Caustics/Caustics/frames/caust_008.png
  artifactKey: Guid(ea83180c3a97bf745a7746666ea959b9) Importer(815301076,1909f56bfc062723c751e8b465ee728b)
Start importing Assets/Shader/Caustics/Caustics/frames/caust_008.png using Guid(ea83180c3a97bf745a7746666ea959b9) Importer(815301076,1909f56bfc062723c751e8b465ee728b)  -> (artifact id: '6def9290d78c9d4191216d3ab5779c31') in 0.012212 seconds
  Import took 0.015070 seconds .

========================================================================
Received Import Request.
  Time since last request: 0.000293 seconds.
  path: Assets/Shader/Caustics/Caustics/frames/caust_003.png
  artifactKey: Guid(4d862b0c20a3ffc49a01b31c80522a0a) Importer(815301076,1909f56bfc062723c751e8b465ee728b)
Start importing Assets/Shader/Caustics/Caustics/frames/caust_003.png using Guid(4d862b0c20a3ffc49a01b31c80522a0a) Importer(815301076,1909f56bfc062723c751e8b465ee728b)  -> (artifact id: '766c198e153c20797e54e8c4338de3f8') in 0.014409 seconds
  Import took 0.017265 seconds .

========================================================================
Received Import Request.
  Time since last request: 0.000300 seconds.
  path: Assets/Shader/Caustics/Caustics/frames/caust_011.png
  artifactKey: Guid(d39fda9db16d5c74e9087418c76413ed) Importer(815301076,1909f56bfc062723c751e8b465ee728b)
Start importing Assets/Shader/Caustics/Caustics/frames/caust_011.png using Guid(d39fda9db16d5c74e9087418c76413ed) Importer(815301076,1909f56bfc062723c751e8b465ee728b)  -> (artifact id: '25431aa8449085e6634cb9db7ae4a6a4') in 0.013459 seconds
  Import took 0.015797 seconds .

========================================================================
Received Import Request.
  Time since last request: 68.430945 seconds.
  path: Assets/Shader/Caustics/Caustics
  artifactKey: Guid(c696f8ff316ac1c43b8ec83d0d2f3495) Importer(815301076,1909f56bfc062723c751e8b465ee728b)
Start importing Assets/Shader/Caustics/Caustics using Guid(c696f8ff316ac1c43b8ec83d0d2f3495) Importer(815301076,1909f56bfc062723c751e8b465ee728b)  -> (artifact id: '01e4f69cd6ffdc504bf93aae25f5266b') in 0.002408 seconds
  Import took 0.004907 seconds .

========================================================================
Received Prepare
Registering precompiled user dll's ...
Registered in 0.001066 seconds.
Begin MonoManager ReloadAssembly
Native extension for WindowsStandalone target not found
Native extension for WebGL target not found
Refreshing native plugins compatible for Editor in 0.44 ms, found 0 plugins.
Preloading 0 native plugins for Editor in 0.00 ms.
Invoked RoslynAnalysisRunner static constructor.
RoslynAnalysisRunner will not be running.
RoslynAnalysisRunner has terminated.
Mono: successfully reloaded assembly
- Completed reload, in  1.062 seconds
Platform modules already initialized, skipping
Refreshing native plugins compatible for Editor in 0.29 ms, found 0 plugins.
Preloading 0 native plugins for Editor in 0.00 ms.
Unloading 1100 Unused Serialized files (Serialized files now loaded: 0)
System memory in use before: 64.7 MB.
System memory in use after: 64.1 MB.

Unloading 7 unused Assets to reduce memory usage. Loaded Objects now: 1597.
Total: 2.551500 ms (FindLiveObjects: 0.175300 ms CreateObjectMapping: 0.044500 ms MarkObjects: 1.711700 ms  DeleteObjects: 0.618700 ms)

========================================================================
Received Import Request.
  Time since last request: 120.860448 seconds.
  path: Assets/Shader/Caustics/AndrewCaustic.shader
  artifactKey: Guid(62559dd8e7e314b4aa9474a30bbce69e) Importer(815301076,1909f56bfc062723c751e8b465ee728b)
Start importing Assets/Shader/Caustics/AndrewCaustic.shader using Guid(62559dd8e7e314b4aa9474a30bbce69e) Importer(815301076,1909f56bfc062723c751e8b465ee728b)  -> (artifact id: '242a94d4281a7550fc0680db190b8203') in 0.024921 seconds
  Import took 0.029141 seconds .

========================================================================
Received Import Request.
  Time since last request: 0.020524 seconds.
  path: Assets/Shader/Caustics/AndrewCaustic.shader
  artifactKey: Guid(62559dd8e7e314b4aa9474a30bbce69e) Importer(815301076,1909f56bfc062723c751e8b465ee728b)
Start importing Assets/Shader/Caustics/AndrewCaustic.shader using Guid(62559dd8e7e314b4aa9474a30bbce69e) Importer(815301076,1909f56bfc062723c751e8b465ee728b)  -> (artifact id: '242a94d4281a7550fc0680db190b8203') in 0.004860 seconds
  Import took 0.007754 seconds .

========================================================================
Received Import Request.
  Time since last request: 19.215845 seconds.
  path: Assets/WaterShader/Refraction/Water/uv 1.png
  artifactKey: Guid(9739205c5f8aef7418ba663c9f592d12) Importer(815301076,1909f56bfc062723c751e8b465ee728b)
Start importing Assets/WaterShader/Refraction/Water/uv 1.png using Guid(9739205c5f8aef7418ba663c9f592d12) Importer(815301076,1909f56bfc062723c751e8b465ee728b)  -> (artifact id: 'fb6cab50554608208db46dfe0d224bc8') in 0.040132 seconds
  Import took 0.042829 seconds .

========================================================================
Received Prepare
Registering precompiled user dll's ...
Registered in 0.000669 seconds.
Begin MonoManager ReloadAssembly
Native extension for WindowsStandalone target not found
Native extension for WebGL target not found
Refreshing native plugins compatible for Editor in 0.24 ms, found 0 plugins.
Preloading 0 native plugins for Editor in 0.00 ms.
Invoked RoslynAnalysisRunner static constructor.
RoslynAnalysisRunner will not be running.
RoslynAnalysisRunner has terminated.
Mono: successfully reloaded assembly
- Completed reload, in  1.012 seconds
Platform modules already initialized, skipping
Refreshing native plugins compatible for Editor in 0.25 ms, found 0 plugins.
Preloading 0 native plugins for Editor in 0.00 ms.
Unloading 1100 Unused Serialized files (Serialized files now loaded: 0)
System memory in use before: 65.2 MB.
System memory in use after: 64.4 MB.

Unloading 7 unused Assets to reduce memory usage. Loaded Objects now: 1599.
Total: 3.001400 ms (FindLiveObjects: 0.156900 ms CreateObjectMapping: 0.041900 ms MarkObjects: 1.926300 ms  DeleteObjects: 0.875400 ms)

========================================================================
Received Import Request.
  Time since last request: 52.495205 seconds.
  path: Assets/TopDown3DController.unity
  artifactKey: Guid(0ce2a193c5cdac040b3d86fc4b418ee8) Importer(815301076,1909f56bfc062723c751e8b465ee728b)
Start importing Assets/TopDown3DController.unity using Guid(0ce2a193c5cdac040b3d86fc4b418ee8) Importer(815301076,1909f56bfc062723c751e8b465ee728b)  -> (artifact id: '6c63c3027fff1a2d6aba8be290d0eacd') in 0.020149 seconds
  Import took 0.023259 seconds .

========================================================================
Received Import Request.
  Time since last request: 18.618530 seconds.
  path: Assets/Shader
  artifactKey: Guid(fc4c9f1662571a1418e05c3b75fe6c61) Importer(815301076,1909f56bfc062723c751e8b465ee728b)
Start importing Assets/Shader using Guid(fc4c9f1662571a1418e05c3b75fe6c61) Importer(815301076,1909f56bfc062723c751e8b465ee728b)  -> (artifact id: '6472f0efdd8e1edba2677b01aebfad33') in 0.007194 seconds
  Import took 0.010155 seconds .

========================================================================
Received Import Request.
  Time since last request: 0.006256 seconds.
  path: Assets/Shader
  artifactKey: Guid(fc4c9f1662571a1418e05c3b75fe6c61) Importer(815301076,1909f56bfc062723c751e8b465ee728b)
Start importing Assets/Shader using Guid(fc4c9f1662571a1418e05c3b75fe6c61) Importer(815301076,1909f56bfc062723c751e8b465ee728b)  -> (artifact id: '6472f0efdd8e1edba2677b01aebfad33') in 0.002319 seconds
  Import took 0.005111 seconds .

========================================================================
Received Import Request.
  Time since last request: 14.170526 seconds.
  path: Assets/Shader/ShaderTest.unity
  artifactKey: Guid(5d1cdf33d5e03634fb505507b6c9f3d2) Importer(815301076,1909f56bfc062723c751e8b465ee728b)
Start importing Assets/Shader/ShaderTest.unity using Guid(5d1cdf33d5e03634fb505507b6c9f3d2) Importer(815301076,1909f56bfc062723c751e8b465ee728b)  -> (artifact id: 'f8788382ef95c685015f9e22b398f9d1') in 0.002987 seconds
  Import took 0.005713 seconds .

========================================================================
Received Import Request.
  Time since last request: 0.001672 seconds.
  path: Assets/Shader/ShaderTest.unity
  artifactKey: Guid(5d1cdf33d5e03634fb505507b6c9f3d2) Importer(815301076,1909f56bfc062723c751e8b465ee728b)
Start importing Assets/Shader/ShaderTest.unity using Guid(5d1cdf33d5e03634fb505507b6c9f3d2) Importer(815301076,1909f56bfc062723c751e8b465ee728b)  -> (artifact id: 'f8788382ef95c685015f9e22b398f9d1') in 0.002522 seconds
  Import took 0.005142 seconds .

========================================================================
Received Prepare
Registering precompiled user dll's ...
Registered in 0.001006 seconds.
Begin MonoManager ReloadAssembly
Native extension for WindowsStandalone target not found
Native extension for WebGL target not found
Refreshing native plugins compatible for Editor in 0.39 ms, found 0 plugins.
Preloading 0 native plugins for Editor in 0.00 ms.
Invoked RoslynAnalysisRunner static constructor.
RoslynAnalysisRunner will not be running.
RoslynAnalysisRunner has terminated.
Mono: successfully reloaded assembly
- Completed reload, in  1.104 seconds
Platform modules already initialized, skipping
Refreshing native plugins compatible for Editor in 0.23 ms, found 0 plugins.
Preloading 0 native plugins for Editor in 0.00 ms.
Unloading 1100 Unused Serialized files (Serialized files now loaded: 0)
System memory in use before: 64.8 MB.
System memory in use after: 64.0 MB.

Unloading 7 unused Assets to reduce memory usage. Loaded Objects now: 1601.
Total: 2.962400 ms (FindLiveObjects: 0.144300 ms CreateObjectMapping: 0.042200 ms MarkObjects: 1.797000 ms  DeleteObjects: 0.977400 ms)

========================================================================
Received Prepare
Registering precompiled user dll's ...
Registered in 0.001072 seconds.
Begin MonoManager ReloadAssembly
Native extension for WindowsStandalone target not found
Native extension for WebGL target not found
Refreshing native plugins compatible for Editor in 0.25 ms, found 0 plugins.
Preloading 0 native plugins for Editor in 0.00 ms.
Invoked RoslynAnalysisRunner static constructor.
RoslynAnalysisRunner will not be running.
RoslynAnalysisRunner has terminated.
Mono: successfully reloaded assembly
- Completed reload, in  1.039 seconds
Platform modules already initialized, skipping
Refreshing native plugins compatible for Editor in 0.27 ms, found 0 plugins.
Preloading 0 native plugins for Editor in 0.00 ms.
Unloading 1100 Unused Serialized files (Serialized files now loaded: 0)
System memory in use before: 65.2 MB.
System memory in use after: 64.5 MB.

Unloading 7 unused Assets to reduce memory usage. Loaded Objects now: 1603.
Total: 3.287500 ms (FindLiveObjects: 0.286300 ms CreateObjectMapping: 0.090500 ms MarkObjects: 1.977500 ms  DeleteObjects: 0.931700 ms)

========================================================================
Received Prepare
Registering precompiled user dll's ...
Registered in 0.000795 seconds.
Begin MonoManager ReloadAssembly
Native extension for WindowsStandalone target not found
Native extension for WebGL target not found
Refreshing native plugins compatible for Editor in 0.26 ms, found 0 plugins.
Preloading 0 native plugins for Editor in 0.00 ms.
Invoked RoslynAnalysisRunner static constructor.
RoslynAnalysisRunner will not be running.
RoslynAnalysisRunner has terminated.
Mono: successfully reloaded assembly
- Completed reload, in  1.220 seconds
Platform modules already initialized, skipping
Refreshing native plugins compatible for Editor in 0.25 ms, found 0 plugins.
Preloading 0 native plugins for Editor in 0.00 ms.
Unloading 1100 Unused Serialized files (Serialized files now loaded: 0)
System memory in use before: 65.2 MB.
System memory in use after: 64.5 MB.

Unloading 7 unused Assets to reduce memory usage. Loaded Objects now: 1605.
Total: 19.144000 ms (FindLiveObjects: 3.940300 ms CreateObjectMapping: 0.531000 ms MarkObjects: 11.228700 ms  DeleteObjects: 3.423900 ms)

========================================================================
Received Prepare
Registering precompiled user dll's ...
Registered in 0.001125 seconds.
Begin MonoManager ReloadAssembly
Native extension for WindowsStandalone target not found
Native extension for WebGL target not found
Refreshing native plugins compatible for Editor in 0.24 ms, found 0 plugins.
Preloading 0 native plugins for Editor in 0.00 ms.
Invoked RoslynAnalysisRunner static constructor.
RoslynAnalysisRunner will not be running.
RoslynAnalysisRunner has terminated.
Mono: successfully reloaded assembly
- Completed reload, in  1.045 seconds
Platform modules already initialized, skipping
Refreshing native plugins compatible for Editor in 0.27 ms, found 0 plugins.
Preloading 0 native plugins for Editor in 0.00 ms.
Unloading 1100 Unused Serialized files (Serialized files now loaded: 0)
System memory in use before: 65.1 MB.
System memory in use after: 64.3 MB.

Unloading 7 unused Assets to reduce memory usage. Loaded Objects now: 1607.
Total: 2.771600 ms (FindLiveObjects: 0.162700 ms CreateObjectMapping: 0.042600 ms MarkObjects: 1.653500 ms  DeleteObjects: 0.911500 ms)

AssetImportWorkerClient::OnTransportError - code=2 error=End of file
